\BOOKMARK [0][-]{chapter*.1}{\376\377\000A\000B\000S\000T\000R\000A\000C\000T}{}% 1
\BOOKMARK [0][-]{chapter*.2}{\376\377\000A\000C\000K\000N\000O\000W\000L\000E\000D\000G\000M\000E\000N\000T\000S}{}% 2
\BOOKMARK [0][-]{chapter.1}{\376\377\000I\000N\000T\000R\000O\000D\000U\000C\000T\000I\000O\000N}{}% 3
\BOOKMARK [1][-]{section.1.1}{\376\377\000T\000h\000e\000s\000i\000s\000\040\000S\000t\000a\000t\000e\000m\000e\000n\000t\000\040\000a\000n\000d\000\040\000C\000o\000n\000t\000r\000i\000b\000u\000t\000i\000o\000n}{chapter.1}% 4
\BOOKMARK [1][-]{section.1.2}{\376\377\000R\000e\000s\000e\000a\000r\000c\000h\000\040\000A\000i\000m\000s\000\040\000a\000n\000d\000\040\000O\000b\000j\000e\000c\000t\000i\000v\000e\000s}{chapter.1}% 5
\BOOKMARK [1][-]{section.1.3}{\376\377\000S\000c\000o\000p\000e\000\040\000a\000n\000d\000\040\000D\000e\000l\000i\000m\000i\000t\000a\000t\000i\000o\000n\000s}{chapter.1}% 6
\BOOKMARK [0][-]{chapter.2}{\376\377\000R\000E\000V\000I\000E\000W\000\040\000O\000F\000\040\000R\000E\000L\000A\000T\000E\000D\000\040\000L\000I\000T\000E\000R\000A\000T\000U\000R\000E}{}% 7
\BOOKMARK [1][-]{section.2.1}{\376\377\000G\000r\000a\000v\000i\000t\000a\000t\000i\000o\000n\000a\000l\000\040\000L\000e\000n\000s\000i\000n\000g\000\040\000T\000h\000e\000o\000r\000y}{chapter.2}% 8
\BOOKMARK [2][-]{subsection.2.1.1}{\376\377\000G\000e\000n\000e\000r\000a\000l\000\040\000R\000e\000l\000a\000t\000i\000v\000i\000s\000t\000i\000c\000\040\000F\000r\000a\000m\000e\000w\000o\000r\000k}{section.2.1}% 9
\BOOKMARK [2][-]{subsection.2.1.2}{\376\377\000T\000h\000e\000\040\000L\000e\000n\000s\000i\000n\000g\000\040\000P\000o\000t\000e\000n\000t\000i\000a\000l\000\040\000a\000n\000d\000\040\000C\000r\000i\000t\000i\000c\000a\000l\000\040\000C\000u\000r\000v\000e\000s}{section.2.1}% 10
\BOOKMARK [2][-]{subsection.2.1.3}{\376\377\000T\000h\000e\000\040\000S\000i\000n\000g\000u\000l\000a\000r\000\040\000I\000s\000o\000t\000h\000e\000r\000m\000a\000l\000\040\000E\000l\000l\000i\000p\000s\000o\000i\000d\000\040\000P\000r\000o\000f\000i\000l\000e}{section.2.1}% 11
\BOOKMARK [2][-]{subsection.2.1.4}{\376\377\000C\000o\000s\000m\000o\000l\000o\000g\000i\000c\000a\000l\000\040\000A\000p\000p\000l\000i\000c\000a\000t\000i\000o\000n\000s\000\040\000a\000n\000d\000\040\000O\000b\000s\000e\000r\000v\000a\000t\000i\000o\000n\000a\000l\000\040\000C\000h\000a\000l\000l\000e\000n\000g\000e\000s}{section.2.1}% 12
\BOOKMARK [1][-]{section.2.2}{\376\377\000M\000a\000c\000h\000i\000n\000e\000\040\000L\000e\000a\000r\000n\000i\000n\000g\000\040\000A\000p\000p\000l\000i\000c\000a\000t\000i\000o\000n\000s\000\040\000i\000n\000\040\000G\000r\000a\000v\000i\000t\000a\000t\000i\000o\000n\000a\000l\000\040\000L\000e\000n\000s\000i\000n\000g}{chapter.2}% 13
\BOOKMARK [2][-]{subsection.2.2.1}{\376\377\000C\000o\000n\000v\000o\000l\000u\000t\000i\000o\000n\000a\000l\000\040\000N\000e\000u\000r\000a\000l\000\040\000N\000e\000t\000w\000o\000r\000k\000s\000\040\000f\000o\000r\000\040\000L\000e\000n\000s\000\040\000D\000i\000s\000c\000o\000v\000e\000r\000y}{section.2.2}% 14
\BOOKMARK [2][-]{subsection.2.2.2}{\376\377\000N\000e\000u\000r\000a\000l\000\040\000N\000e\000t\000w\000o\000r\000k\000s\000\040\000f\000o\000r\000\040\000P\000a\000r\000a\000m\000e\000t\000e\000r\000\040\000I\000n\000f\000e\000r\000e\000n\000c\000e}{section.2.2}% 15
\BOOKMARK [2][-]{subsection.2.2.3}{\376\377\000T\000h\000e\000\040\000D\000o\000m\000a\000i\000n\000\040\000A\000d\000a\000p\000t\000a\000t\000i\000o\000n\000\040\000C\000h\000a\000l\000l\000e\000n\000g\000e}{section.2.2}% 16
\BOOKMARK [1][-]{section.2.3}{\376\377\000V\000i\000s\000i\000o\000n\000\040\000T\000r\000a\000n\000s\000f\000o\000r\000m\000e\000r\000s\000\040\000a\000n\000d\000\040\000H\000i\000e\000r\000a\000r\000c\000h\000i\000c\000a\000l\000\040\000A\000t\000t\000e\000n\000t\000i\000o\000n\000\040\000M\000e\000c\000h\000a\000n\000i\000s\000m\000s}{chapter.2}% 17
\BOOKMARK [2][-]{subsection.2.3.1}{\376\377\000T\000h\000e\000\040\000T\000r\000a\000n\000s\000f\000o\000r\000m\000e\000r\000\040\000A\000r\000c\000h\000i\000t\000e\000c\000t\000u\000r\000e\000\040\000i\000n\000\040\000C\000o\000m\000p\000u\000t\000e\000r\000\040\000V\000i\000s\000i\000o\000n}{section.2.3}% 18
\BOOKMARK [2][-]{subsection.2.3.2}{\376\377\000T\000h\000e\000\040\000S\000w\000i\000n\000\040\000T\000r\000a\000n\000s\000f\000o\000r\000m\000e\000r\000:\000\040\000H\000i\000e\000r\000a\000r\000c\000h\000i\000c\000a\000l\000\040\000V\000i\000s\000i\000o\000n\000\040\000B\000a\000c\000k\000b\000o\000n\000e}{section.2.3}% 19
\BOOKMARK [2][-]{subsection.2.3.3}{\376\377\000T\000r\000a\000n\000s\000f\000o\000r\000m\000e\000r\000s\000\040\000i\000n\000\040\000A\000s\000t\000r\000o\000n\000o\000m\000i\000c\000a\000l\000\040\000I\000m\000a\000g\000e\000\040\000A\000n\000a\000l\000y\000s\000i\000s}{section.2.3}% 20
\BOOKMARK [1][-]{section.2.4}{\376\377\000P\000h\000y\000s\000i\000c\000s\000-\000I\000n\000f\000o\000r\000m\000e\000d\000\040\000N\000e\000u\000r\000a\000l\000\040\000N\000e\000t\000w\000o\000r\000k\000s\000:\000\040\000T\000h\000e\000o\000r\000y\000\040\000a\000n\000d\000\040\000A\000p\000p\000l\000i\000c\000a\000t\000i\000o\000n\000s}{chapter.2}% 21
\BOOKMARK [2][-]{subsection.2.4.1}{\376\377\000F\000o\000u\000n\000d\000a\000t\000i\000o\000n\000\040\000P\000r\000i\000n\000c\000i\000p\000l\000e\000s\000\040\000o\000f\000\040\000P\000I\000N\000N\000s}{section.2.4}% 22
\BOOKMARK [2][-]{subsection.2.4.2}{\376\377\000P\000h\000y\000s\000i\000c\000s\000-\000I\000n\000f\000o\000r\000m\000e\000d\000\040\000L\000e\000a\000r\000n\000i\000n\000g\000\040\000i\000n\000\040\000G\000r\000a\000v\000i\000t\000a\000t\000i\000o\000n\000a\000l\000\040\000L\000e\000n\000s\000i\000n\000g}{section.2.4}% 23
\BOOKMARK [1][-]{section.2.5}{\376\377\000S\000y\000n\000t\000h\000e\000s\000i\000s\000\040\000a\000n\000d\000\040\000R\000e\000s\000e\000a\000r\000c\000h\000\040\000G\000a\000p}{chapter.2}% 24
\BOOKMARK [2][-]{subsection.2.5.1}{\376\377\000C\000u\000r\000r\000e\000n\000t\000\040\000S\000t\000a\000t\000e\000\040\000o\000f\000\040\000t\000h\000e\000\040\000F\000i\000e\000l\000d}{section.2.5}% 25
\BOOKMARK [2][-]{subsection.2.5.2}{\376\377\000I\000d\000e\000n\000t\000i\000f\000i\000e\000d\000\040\000R\000e\000s\000e\000a\000r\000c\000h\000\040\000G\000a\000p}{section.2.5}% 26
\BOOKMARK [2][-]{subsection.2.5.3}{\376\377\000R\000e\000s\000e\000a\000r\000c\000h\000\040\000O\000b\000j\000e\000c\000t\000i\000v\000e\000s}{section.2.5}% 27
\BOOKMARK [0][-]{chapter.3}{\376\377\000M\000E\000T\000H\000O\000D\000O\000L\000O\000G\000Y}{}% 28
\BOOKMARK [1][-]{section.3.1}{\376\377\000O\000v\000e\000r\000v\000i\000e\000w}{chapter.3}% 29
\BOOKMARK [1][-]{section.3.2}{\376\377\000D\000a\000t\000a\000s\000e\000t\000\040\000D\000e\000s\000c\000r\000i\000p\000t\000i\000o\000n\000\040\000a\000n\000d\000\040\000P\000r\000e\000p\000r\000o\000c\000e\000s\000s\000i\000n\000g}{chapter.3}% 30
\BOOKMARK [2][-]{subsection.3.2.1}{\376\377\000D\000a\000t\000a\000s\000e\000t\000\040\000C\000o\000m\000p\000o\000s\000i\000t\000i\000o\000n}{section.3.2}% 31
\BOOKMARK [2][-]{subsection.3.2.2}{\376\377\000D\000a\000t\000a\000\040\000A\000u\000g\000m\000e\000n\000t\000a\000t\000i\000o\000n\000\040\000S\000t\000r\000a\000t\000e\000g\000y}{section.3.2}% 32
\BOOKMARK [1][-]{section.3.3}{\376\377\000M\000o\000d\000e\000l\000\040\000A\000r\000c\000h\000i\000t\000e\000c\000t\000u\000r\000e\000:\000\040\000G\000r\000a\000v\000i\000L\000e\000n\000s}{chapter.3}% 33
\BOOKMARK [2][-]{subsection.3.3.1}{\376\377\000S\000h\000i\000f\000t\000e\000d\000\040\000P\000a\000t\000c\000h\000\040\000T\000o\000k\000e\000n\000i\000z\000a\000t\000i\000o\000n}{section.3.3}% 34
\BOOKMARK [2][-]{subsection.3.3.2}{\376\377\000P\000h\000y\000s\000i\000c\000s\000-\000I\000n\000f\000o\000r\000m\000e\000d\000\040\000S\000I\000E\000\040\000D\000e\000f\000l\000e\000c\000t\000i\000o\000n\000\040\000M\000o\000d\000u\000l\000e}{section.3.3}% 35
\BOOKMARK [2][-]{subsection.3.3.3}{\376\377\000H\000i\000e\000r\000a\000r\000c\000h\000i\000c\000a\000l\000\040\000S\000w\000i\000n\000\040\000T\000r\000a\000n\000s\000f\000o\000r\000m\000e\000r\000\040\000B\000l\000o\000c\000k\000s}{section.3.3}% 36
\BOOKMARK [1][-]{section.3.4}{\376\377\000T\000r\000a\000i\000n\000i\000n\000g\000\040\000M\000e\000t\000h\000o\000d\000o\000l\000o\000g\000y}{chapter.3}% 37
\BOOKMARK [2][-]{subsection.3.4.1}{\376\377\000O\000p\000t\000i\000m\000i\000z\000a\000t\000i\000o\000n\000\040\000S\000t\000r\000a\000t\000e\000g\000y}{section.3.4}% 38
\BOOKMARK [2][-]{subsection.3.4.2}{\376\377\000F\000i\000x\000e\000d\000\040\000S\000I\000S\000\040\000P\000r\000o\000f\000i\000l\000e\000\040\000w\000i\000t\000h\000\040\000L\000e\000a\000r\000n\000e\000d\000\040\000C\000o\000n\000v\000e\000r\000g\000e\000n\000c\000e\000\040\000C\000o\000r\000r\000e\000c\000t\000i\000o\000n\000s}{section.3.4}% 39
\BOOKMARK [2][-]{subsection.3.4.3}{\376\377\000T\000r\000a\000i\000n\000i\000n\000g\000\040\000S\000t\000a\000b\000i\000l\000i\000z\000a\000t\000i\000o\000n\000\040\000T\000e\000c\000h\000n\000i\000q\000u\000e\000s}{section.3.4}% 40
\BOOKMARK [2][-]{subsection.3.4.4}{\376\377\000R\000e\000g\000u\000l\000a\000r\000i\000z\000a\000t\000i\000o\000n\000\040\000a\000n\000d\000\040\000E\000a\000r\000l\000y\000\040\000S\000t\000o\000p\000p\000i\000n\000g}{section.3.4}% 41
\BOOKMARK [2][-]{subsection.3.4.5}{\376\377\000L\000o\000s\000s\000\040\000F\000u\000n\000c\000t\000i\000o\000n}{section.3.4}% 42
\BOOKMARK [1][-]{section.3.5}{\376\377\000E\000v\000a\000l\000u\000a\000t\000i\000o\000n\000\040\000M\000e\000t\000h\000o\000d\000o\000l\000o\000g\000y}{chapter.3}% 43
\BOOKMARK [2][-]{subsection.3.5.1}{\376\377\000P\000e\000r\000f\000o\000r\000m\000a\000n\000c\000e\000\040\000M\000e\000t\000r\000i\000c\000s}{section.3.5}% 44
\BOOKMARK [1][-]{section.3.6}{\376\377\000V\000a\000l\000i\000d\000a\000t\000i\000o\000n\000\040\000P\000r\000o\000t\000o\000c\000o\000l}{chapter.3}% 45
\BOOKMARK [2][-]{subsection.3.6.1}{\376\377\000S\000t\000a\000t\000i\000s\000t\000i\000c\000a\000l\000\040\000S\000i\000g\000n\000i\000f\000i\000c\000a\000n\000c\000e}{section.3.6}% 46
\BOOKMARK [1][-]{section.3.7}{\376\377\000I\000m\000p\000l\000e\000m\000e\000n\000t\000a\000t\000i\000o\000n\000\040\000D\000e\000t\000a\000i\000l\000s}{chapter.3}% 47
\BOOKMARK [2][-]{subsection.3.7.1}{\376\377\000S\000o\000f\000t\000w\000a\000r\000e\000\040\000a\000n\000d\000\040\000H\000a\000r\000d\000w\000a\000r\000e}{section.3.7}% 48
\BOOKMARK [2][-]{subsection.3.7.2}{\376\377\000R\000e\000p\000r\000o\000d\000u\000c\000i\000b\000i\000l\000i\000t\000y}{section.3.7}% 49
\BOOKMARK [2][-]{subsection.3.7.3}{\376\377\000C\000h\000e\000c\000k\000p\000o\000i\000n\000t\000\040\000a\000n\000d\000\040\000M\000o\000d\000e\000l\000\040\000S\000a\000v\000i\000n\000g}{section.3.7}% 50
\BOOKMARK [1][-]{section.3.8}{\376\377\000S\000u\000m\000m\000a\000r\000y}{chapter.3}% 51
\BOOKMARK [1][-]{section.3.9}{\376\377\000S\000u\000g\000g\000e\000s\000t\000e\000d\000\040\000F\000i\000g\000u\000r\000e\000s\000\040\000f\000o\000r\000\040\000C\000h\000a\000p\000t\000e\000r\000\040\0003}{chapter.3}% 52
\BOOKMARK [1][-]{section.3.10}{\376\377\000R\000e\000f\000e\000r\000e\000n\000c\000e\000s\000\040\000f\000r\000o\000m\000\040\000A\000l\000l\000\040\000C\000h\000a\000p\000t\000e\000r\000s}{chapter.3}% 53
\BOOKMARK [0][-]{chapter.4}{\376\377\000R\000E\000S\000U\000L\000T\000S\000\040\000A\000N\000D\000\040\000A\000N\000A\000L\000Y\000S\000I\000S}{}% 54
\BOOKMARK [1][-]{section.4.1}{\376\377\000M\000o\000d\000e\000l\000\040\000P\000e\000r\000f\000o\000r\000m\000a\000n\000c\000e}{chapter.4}% 55
\BOOKMARK [2][-]{subsection.4.1.1}{\376\377\000C\000l\000a\000s\000s\000i\000f\000i\000c\000a\000t\000i\000o\000n\000\040\000R\000e\000s\000u\000l\000t\000s}{section.4.1}% 56
\BOOKMARK [2][-]{subsection.4.1.2}{\376\377\000P\000a\000r\000a\000m\000e\000t\000e\000r\000\040\000E\000s\000t\000i\000m\000a\000t\000i\000o\000n}{section.4.1}% 57
\BOOKMARK [1][-]{section.4.2}{\376\377\000T\000r\000a\000i\000n\000i\000n\000g\000\040\000S\000t\000a\000b\000i\000l\000i\000t\000y\000\040\000A\000n\000a\000l\000y\000s\000i\000s}{chapter.4}% 58
\BOOKMARK [1][-]{section.4.3}{\376\377\000P\000h\000y\000s\000i\000c\000a\000l\000\040\000C\000o\000n\000s\000i\000s\000t\000e\000n\000c\000y}{chapter.4}% 59
\BOOKMARK [1][-]{section.4.4}{\376\377\000A\000b\000l\000a\000t\000i\000o\000n\000\040\000S\000t\000u\000d\000y}{chapter.4}% 60
\BOOKMARK [0][-]{chapter.5}{\376\377\000D\000I\000S\000C\000U\000S\000S\000I\000O\000N}{}% 61
\BOOKMARK [1][-]{section.5.1}{\376\377\000I\000n\000t\000e\000r\000p\000r\000e\000t\000a\000t\000i\000o\000n\000\040\000o\000f\000\040\000R\000e\000s\000u\000l\000t\000s}{chapter.5}% 62
\BOOKMARK [2][-]{subsection.5.1.1}{\376\377\000S\000u\000p\000e\000r\000i\000o\000r\000i\000t\000y\000\040\000o\000f\000\040\000S\000w\000i\000n\000\040\000T\000r\000a\000n\000s\000f\000o\000r\000m\000e\000r}{section.5.1}% 63
\BOOKMARK [2][-]{subsection.5.1.2}{\376\377\000V\000a\000l\000u\000e\000\040\000o\000f\000\040\000P\000h\000y\000s\000i\000c\000s\000-\000I\000n\000f\000o\000r\000m\000e\000d\000\040\000L\000e\000a\000r\000n\000i\000n\000g}{section.5.1}% 64
\BOOKMARK [1][-]{section.5.2}{\376\377\000C\000o\000m\000p\000a\000r\000i\000s\000o\000n\000\040\000w\000i\000t\000h\000\040\000E\000x\000i\000s\000t\000i\000n\000g\000\040\000M\000e\000t\000h\000o\000d\000s}{chapter.5}% 65
\BOOKMARK [1][-]{section.5.3}{\376\377\000L\000i\000m\000i\000t\000a\000t\000i\000o\000n\000s}{chapter.5}% 66
\BOOKMARK [1][-]{section.5.4}{\376\377\000I\000m\000p\000l\000i\000c\000a\000t\000i\000o\000n\000s\000\040\000f\000o\000r\000\040\000F\000u\000t\000u\000r\000e\000\040\000S\000u\000r\000v\000e\000y\000s}{chapter.5}% 67
\BOOKMARK [0][-]{chapter.6}{\376\377\000C\000O\000N\000C\000L\000U\000S\000I\000O\000N\000\040\000A\000N\000D\000\040\000R\000E\000C\000O\000M\000M\000E\000N\000D\000A\000T\000I\000O\000N\000S}{}% 68
\BOOKMARK [1][-]{section.6.1}{\376\377\000C\000o\000n\000c\000l\000u\000s\000i\000o\000n}{chapter.6}% 69
\BOOKMARK [1][-]{section.6.2}{\376\377\000R\000e\000c\000o\000m\000m\000e\000n\000d\000a\000t\000i\000o\000n\000s\000\040\000f\000o\000r\000\040\000F\000u\000t\000u\000r\000e\000\040\000W\000o\000r\000k}{chapter.6}% 70
\BOOKMARK [2][-]{subsection.6.2.1}{\376\377\000M\000o\000d\000e\000l\000\040\000E\000x\000t\000e\000n\000s\000i\000o\000n\000s}{section.6.2}% 71
\BOOKMARK [2][-]{subsection.6.2.2}{\376\377\000T\000r\000a\000i\000n\000i\000n\000g\000\040\000I\000m\000p\000r\000o\000v\000e\000m\000e\000n\000t\000s}{section.6.2}% 72
\BOOKMARK [2][-]{subsection.6.2.3}{\376\377\000A\000p\000p\000l\000i\000c\000a\000t\000i\000o\000n\000s}{section.6.2}% 73
\BOOKMARK [2][-]{subsection.6.2.4}{\376\377\000T\000h\000e\000o\000r\000e\000t\000i\000c\000a\000l\000\040\000D\000e\000v\000e\000l\000o\000p\000m\000e\000n\000t}{section.6.2}% 74
\BOOKMARK [0][-]{appendix.A}{\376\377\000M\000A\000T\000H\000E\000M\000A\000T\000I\000C\000A\000L\000\040\000D\000E\000R\000I\000V\000A\000T\000I\000O\000N\000S}{}% 75
\BOOKMARK [1][-]{section.A.1}{\376\377\000S\000I\000E\000\040\000D\000e\000f\000l\000e\000c\000t\000i\000o\000n\000\040\000A\000n\000g\000l\000e\000\040\000D\000e\000r\000i\000v\000a\000t\000i\000o\000n}{appendix.A}% 76
\BOOKMARK [1][-]{section.A.2}{\376\377\000G\000r\000a\000d\000i\000e\000n\000t\000\040\000F\000l\000o\000w\000\040\000T\000h\000r\000o\000u\000g\000h\000\040\000P\000h\000y\000s\000i\000c\000s\000\040\000L\000a\000y\000e\000r}{appendix.A}% 77
\BOOKMARK [1][-]{section.A.3}{\376\377\000E\000M\000A\000\040\000U\000p\000d\000a\000t\000e\000\040\000R\000u\000l\000e}{appendix.A}% 78
\BOOKMARK [0][-]{appendix.B}{\376\377\000C\000O\000D\000E\000\040\000I\000M\000P\000L\000E\000M\000E\000N\000T\000A\000T\000I\000O\000N\000\040\000D\000E\000T\000A\000I\000L\000S}{}% 79
\BOOKMARK [1][-]{section.B.1}{\376\377\000P\000h\000y\000s\000i\000c\000s\000-\000I\000n\000f\000o\000r\000m\000e\000d\000\040\000L\000a\000y\000e\000r\000\040\000I\000m\000p\000l\000e\000m\000e\000n\000t\000a\000t\000i\000o\000n}{appendix.B}% 80
\BOOKMARK [1][-]{section.B.2}{\376\377\000T\000r\000a\000i\000n\000i\000n\000g\000\040\000L\000o\000o\000p\000\040\000P\000s\000e\000u\000d\000o\000c\000o\000d\000e}{appendix.B}% 81
\BOOKMARK [1][-]{section.B.3}{\376\377\000R\000e\000p\000o\000s\000i\000t\000o\000r\000y\000\040\000I\000n\000f\000o\000r\000m\000a\000t\000i\000o\000n}{appendix.B}% 82
